
---

[Task]

`NOW`
- Terus meng-update sempurna setiap file Entry Doc.
- Edit tiap per-aset-an buat Entry Doc.
+ Karena itu semua wajib memiliki:
    > "AuthorName"
    > "AuthorLink"
    |
    > "ImageFrom"
    > "ImageLink"

`LATER`
- .
- ?.

---

["Keluhan" atau "Problem"]

- Navigatif tiap file File Doc, masih kurang.
> Teruskan sampe bias nge-link tiap-tiap MD yang ada.

- Nge-curl masih selalu manual. Sangat nyusahin.
> Harus ada teknik otomatis dalam curl ngambil gambar-gambar.

- Nge-git masih manual. Sama nyusahin nge-curl.
> Butuh teknik otomatis nge-git.

---

Note:
- File "Entry Doc" adalah file MD yang ada tanda khusus DC-nya.
Yakni file Entry Doc selalu ("WAJIB") berformat ".dc.md".

---

Later...

---
